SYSBTC-71000 --- in 0.023086071014404297 seconds ---
SYSBTC-72000 --- in 0.023753881454467773 seconds ---
SYSBTC-73000 --- in 0.021943092346191406 seconds ---
SYSBTC-74000 --- in 0.026803016662597656 seconds ---
SYSBTC-75000 --- in 0.02006387710571289 seconds ---
SYSBTC-76000 --- in 0.0202939510345459 seconds ---
SYSBTC-77000 --- in 0.02351689338684082 seconds ---
SYSBTC-78000 --- in 0.034707069396972656 seconds ---
SYSBTC-79000 --- in 0.022841930389404297 seconds ---
SYSBTC-80000 --- in 0.02475905418395996 seconds ---
SYSBTC-81000 --- in 0.024877071380615234 seconds ---
SYSBTC-82000 --- in 0.02031111717224121 seconds ---
SYSBTC-83000 --- in 0.020720958709716797 seconds ---
SYSBTC-84000 --- in 0.020885944366455078 seconds ---
SYSBTC-85000 --- in 0.02202606201171875 seconds ---
SYSBTC-86000 --- in 0.02024388313293457 seconds ---
SYSBTC-87000 --- in 0.022368907928466797 seconds ---
SYSBTC-88000 --- in 0.020453214645385742 seconds ---
SYSBTC-89000 --- in 0.018767118453979492 seconds ---
SYSBTC-90000 --- in 0.019129037857055664 seconds ---
SYSBTC-91000 --- in 0.024618864059448242 seconds ---
SYSBTC-92000 --- in 0.02489018440246582 seconds ---
SYSBTC-93000 --- in 0.019315004348754883 seconds ---
SYSBTC-94000 --- in 0.02087712287902832 seconds ---
SYSBTC-95000 --- in 0.020180940628051758 seconds ---
SYSBTC-96000 --- in 0.059539079666137695 seconds ---
SYSBTC-97000 --- in 0.022170066833496094 seconds ---
SYSBTC-98000 --- in 0.02245187759399414 seconds ---
SYSBTC-99000 --- in 0.02080392837524414 seconds ---
**********************************
TOTAL BALANCE FOR SYSBTC: 93.42703122216352
TRADE COUNT FOR SYSBTC: 2
**********************************
LSKBTC-1000
